0 info it worked if it ends with ok
1 verbose cli [ '/usr/local/bin/node',
1 verbose cli   '/usr/local/bin/npm',
1 verbose cli   'install',
1 verbose cli   'ngDialog',
1 verbose cli   '--save' ]
2 info using npm@2.14.2
3 info using node@v4.0.0
4 verbose install initial load of /Users/izabela/Desktop/TechHub/borrow_memo/package.json
5 warn package.json borrow_memo@1.0.0 No description
6 warn package.json borrow_memo@1.0.0 No repository field.
7 warn package.json borrow_memo@1.0.0 No README data
8 verbose installManyTop reading scoped package data from /Users/izabela/Desktop/TechHub/borrow_memo/node_modules/angular/package.json
9 verbose installManyTop reading scoped package data from /Users/izabela/Desktop/TechHub/borrow_memo/node_modules/angular-route/package.json
10 verbose installManyTop reading scoped package data from /Users/izabela/Desktop/TechHub/borrow_memo/node_modules/gulp/package.json
11 verbose installManyTop reading scoped package data from /Users/izabela/Desktop/TechHub/borrow_memo/node_modules/gulp-clean/package.json
12 verbose installManyTop reading scoped package data from /Users/izabela/Desktop/TechHub/borrow_memo/node_modules/gulp-concat/package.json
13 verbose installManyTop reading scoped package data from /Users/izabela/Desktop/TechHub/borrow_memo/node_modules/gulp-minify-css/package.json
14 verbose installManyTop reading scoped package data from /Users/izabela/Desktop/TechHub/borrow_memo/node_modules/gulp-sass/package.json
15 verbose installManyTop reading scoped package data from /Users/izabela/Desktop/TechHub/borrow_memo/node_modules/gulp-uglify/package.json
16 info package.json gulp-minify-css@1.2.4 No repository field.
17 verbose readDependencies loading dependencies from /Users/izabela/Desktop/TechHub/borrow_memo/package.json
18 silly cache add args [ 'ngDialog', null ]
19 verbose cache add spec ngDialog
20 silly cache add parsed spec Result {
20 silly cache add   raw: 'ngDialog',
20 silly cache add   scope: null,
20 silly cache add   name: 'ngDialog',
20 silly cache add   rawSpec: '',
20 silly cache add   spec: '*',
20 silly cache add   type: 'range' }
21 silly addNamed ngDialog@*
22 verbose addNamed "*" is a valid semver range for ngDialog
23 silly addNameRange { name: 'ngDialog', range: '*', hasData: false }
24 silly mapToRegistry name ngDialog
25 silly mapToRegistry using default registry
26 silly mapToRegistry registry https://registry.npmjs.org/
27 silly mapToRegistry uri https://registry.npmjs.org/ngDialog
28 verbose addNameRange registry:https://registry.npmjs.org/ngDialog not in flight; fetching
29 verbose request uri https://registry.npmjs.org/ngDialog
30 verbose request no auth needed
31 info attempt registry request try #1 at 7:01:54 PM
32 verbose request id 00ca1679518b1d67
33 http request GET https://registry.npmjs.org/ngDialog
34 http 404 https://registry.npmjs.org/ngDialog
35 verbose headers { 'content-type': 'application/json',
35 verbose headers   'cache-control': 'max-age=0',
35 verbose headers   'content-length': '2',
35 verbose headers   'accept-ranges': 'bytes',
35 verbose headers   date: 'Wed, 17 Aug 2016 17:01:55 GMT',
35 verbose headers   via: '1.1 varnish',
35 verbose headers   age: '0',
35 verbose headers   connection: 'keep-alive',
35 verbose headers   'x-served-by': 'cache-fra1234-FRA',
35 verbose headers   'x-cache': 'MISS',
35 verbose headers   'x-cache-hits': '0',
35 verbose headers   'x-timer': 'S1471453314.957808,VS0,VE112',
35 verbose headers   vary: 'Accept-Encoding' }
36 silly get cb [ 404,
36 silly get   { 'content-type': 'application/json',
36 silly get     'cache-control': 'max-age=0',
36 silly get     'content-length': '2',
36 silly get     'accept-ranges': 'bytes',
36 silly get     date: 'Wed, 17 Aug 2016 17:01:55 GMT',
36 silly get     via: '1.1 varnish',
36 silly get     age: '0',
36 silly get     connection: 'keep-alive',
36 silly get     'x-served-by': 'cache-fra1234-FRA',
36 silly get     'x-cache': 'MISS',
36 silly get     'x-cache-hits': '0',
36 silly get     'x-timer': 'S1471453314.957808,VS0,VE112',
36 silly get     vary: 'Accept-Encoding' } ]
37 verbose stack Error: Registry returned 404 for GET on https://registry.npmjs.org/ngDialog
37 verbose stack     at makeError (/usr/local/lib/node_modules/npm/node_modules/npm-registry-client/lib/request.js:263:12)
37 verbose stack     at CachingRegistryClient.<anonymous> (/usr/local/lib/node_modules/npm/node_modules/npm-registry-client/lib/request.js:241:14)
37 verbose stack     at Request._callback (/usr/local/lib/node_modules/npm/node_modules/npm-registry-client/lib/request.js:171:14)
37 verbose stack     at Request.self.callback (/usr/local/lib/node_modules/npm/node_modules/request/request.js:198:22)
37 verbose stack     at emitTwo (events.js:87:13)
37 verbose stack     at Request.emit (events.js:172:7)
37 verbose stack     at Request.<anonymous> (/usr/local/lib/node_modules/npm/node_modules/request/request.js:1073:14)
37 verbose stack     at emitOne (events.js:82:20)
37 verbose stack     at Request.emit (events.js:169:7)
37 verbose stack     at IncomingMessage.<anonymous> (/usr/local/lib/node_modules/npm/node_modules/request/request.js:1019:12)
38 verbose statusCode 404
39 verbose pkgid ngDialog
40 verbose cwd /Users/izabela/Desktop/TechHub/borrow_memo
41 error Darwin 15.0.0
42 error argv "/usr/local/bin/node" "/usr/local/bin/npm" "install" "ngDialog" "--save"
43 error node v4.0.0
44 error npm  v2.14.2
45 error code E404
46 error 404 Registry returned 404 for GET on https://registry.npmjs.org/ngDialog
46 error 404
46 error 404 'ngDialog' is not in the npm registry.
46 error 404 Your package name is not valid, because
46 error 404
46 error 404  1. name can no longer contain capital letters
46 error 404 It was specified as a dependency of 'borrow_memo'
46 error 404
46 error 404 Note that you can also install from a
46 error 404 tarball, folder, http url, or git url.
47 verbose exit [ 1, true ]
